This is LuaHBTeX, Version 1.14.0 (MiKTeX 22.1) (format=lualatex 2023.3.13)  20 MAY 2023 14:19
 restricted system commands enabled.
 file:line:error style messages enabled.
**/Users/delus/Documents/mycodes/tex/cv/CV_Bui_Khanh_Duy_vi
(/Users/delus/Documents/mycodes/tex/cv/CV_Bui_Khanh_Duy_vi.tex
LaTeX2e <2022-11-01> patch level 1
Lua module: luaotfload 2022-10-03 3.23 Lua based OpenType font support
Lua module: lualibs 2022-10-04 2.75 ConTeXt Lua standard libraries.
Lua module: lualibs-extended 2022-10-04 2.75 ConTeXt Lua libraries -- extended c
ollection.
luaotfload | conf : Root cache directory is "/Users/delus/Library/Application Su
pport/MiKTeX/texmfs/data/luatex-cache/generic/names".
luaotfload | init : Loading fontloader "fontloader-2022-10-03.lua" from kpse-res
olved path "/Users/delus/Library/Application Support/MiKTeX/texmfs/install/tex/l
uatex/luaotfload/fontloader-2022-10-03.lua".
Lua-only attribute luaotfload@noligature = 1
luaotfload | init : Context OpenType loader version 3.120
Inserting `luaotfload.node_processor' in `pre_linebreak_filter'.
Inserting `luaotfload.node_processor' in `hpack_filter'.
Inserting `luaotfload.glyph_stream' in `glyph_stream_provider'.
Inserting `luaotfload.define_font' in `define_font'.
Lua-only attribute luaotfload_color_attribute = 2
luaotfload | conf : Root cache directory is "/Users/delus/Library/Application Su
pport/MiKTeX/texmfs/data/luatex-cache/generic/names".
Inserting `luaotfload.harf.strip_prefix' in `find_opentype_file'.
Inserting `luaotfload.harf.strip_prefix' in `find_truetype_file'.
Removing  `luaotfload.glyph_stream' from `glyph_stream_provider'.
Inserting `luaotfload.harf.glyphstream' in `glyph_stream_provider'.
Inserting `luaotfload.harf.finalize_vlist' in `post_linebreak_filter'.
Inserting `luaotfload.harf.finalize_hlist' in `hpack_filter'.
Inserting `luaotfload.cleanup_files' in `wrapup_run'.
Inserting `luaotfload.harf.finalize_unicode' in `finish_pdffile'.
Inserting `luaotfload.glyphinfo' in `glyph_info'.
Lua-only attribute luaotfload.letterspace_done = 3
Inserting `luaotfload.aux.set_sscale_dimens' in `luaotfload.patch_font'.
Inserting `luaotfload.aux.set_font_index' in `luaotfload.patch_font'.
Inserting `luaotfload.aux.patch_cambria_domh' in `luaotfload.patch_font'.
Inserting `luaotfload.aux.fixup_fontdata' in `luaotfload.patch_font_unsafe'.
Inserting `luaotfload.aux.set_capheight' in `luaotfload.patch_font'.
Inserting `luaotfload.aux.set_xheight' in `luaotfload.patch_font'.
Inserting `luaotfload.rewrite_fontname' in `luaotfload.patch_font'. L3 programm
ing layer <2023-02-07>
Inserting `tracingstacklevels' in `input_level_string'.
("/Users/delus/Library/Application Support/MiKTeX/texmfs/install/tex/latex/base
/article.cls"
Document Class: article 2022/07/02 v1.4n Standard LaTeX document class

("/Users/delus/Library/Application Support/MiKTeX/texmfs/install/tex/latex/base
/size11.clo"
File: size11.clo 2022/07/02 v1.4n Standard LaTeX file (size option)
luaotfload | db : Font names database loaded from /Users/delus/Library/Applicati
on Support/MiKTeX/texmfs/data/luatex-cache/generic/names/luaotfload-names.luc.gz
)
\c@part=\count183
\c@section=\count184
\c@subsection=\count185
\c@subsubsection=\count186
\c@paragraph=\count187
\c@subparagraph=\count188
\c@figure=\count189
\c@table=\count190
\abovecaptionskip=\skip48
\belowcaptionskip=\skip49
\bibindent=\dimen139
)
("/Users/delus/Library/Application Support/MiKTeX/texmfs/install/tex/latex/base
/latexsym.sty"
Package: latexsym 1998/08/17 v2.2e Standard LaTeX package (lasy symbols)
\symlasy=\mathgroup4
LaTeX Font Info:    Overwriting symbol font `lasy' in version `bold'
(Font)                  U/lasy/m/n --> U/lasy/b/n on input line 52.
)
("/Users/delus/Library/Application Support/MiKTeX/texmfs/install/tex/latex/prep
rint/fullpage.sty"
Package: fullpage 1999/02/23 1.1 (PWD)
\FP@margin=\skip50
)
("/Users/delus/Library/Application Support/MiKTeX/texmfs/install/tex/latex/titl
esec/titlesec.sty"
Package: titlesec 2021/07/05 v2.14 Sectioning titles
\ttl@box=\box51
\beforetitleunit=\skip51
\aftertitleunit=\skip52
\ttl@plus=\dimen140
\ttl@minus=\dimen141
\ttl@toksa=\toks16
\titlewidth=\dimen142
\titlewidthlast=\dimen143
\titlewidthfirst=\dimen144
)
("/Users/delus/Library/Application Support/MiKTeX/texmfs/install/tex/latex/marv
osym/marvosym.sty"
Package: marvosym 2011/07/20 v2.2 Martin Vogel's Symbols font definitions
)
("/Users/delus/Library/Application Support/MiKTeX/texmfs/install/tex/latex/grap
hics/color.sty"
Package: color 2022/01/06 v1.3d Standard LaTeX Color (DPC)

("/Users/delus/Library/Application Support/MiKTeX/texmfs/install/tex/latex/grap
hics-cfg/color.cfg"
File: color.cfg 2016/01/02 v1.6 sample color configuration
)
Package color Info: Driver file: luatex.def on input line 149.

("/Users/delus/Library/Application Support/MiKTeX/texmfs/install/tex/latex/grap
hics-def/luatex.def"
File: luatex.def 2022/09/22 v1.2d Graphics/color driver for luatex
)
("/Users/delus/Library/Application Support/MiKTeX/texmfs/install/tex/latex/grap
hics/dvipsnam.def"
File: dvipsnam.def 2016/06/17 v3.0m Driver-dependent file (DPC,SPQR)
)
("/Users/delus/Library/Application Support/MiKTeX/texmfs/install/tex/latex/grap
hics/mathcolor.ltx"))
("/Users/delus/Library/Application Support/MiKTeX/texmfs/install/tex/latex/tool
s/verbatim.sty"
Package: verbatim 2022-07-02 v1.5u LaTeX2e package for verbatim enhancements
\every@verbatim=\toks17
\verbatim@line=\toks18
\verbatim@in@stream=\read2
)
("/Users/delus/Library/Application Support/MiKTeX/texmfs/install/tex/latex/enum
item/enumitem.sty"
Package: enumitem 2019/06/20 v3.9 Customized lists
\enitkv@toks@=\toks19
\labelindent=\skip53
\enit@outerparindent=\dimen145
\enit@toks=\toks20
\enit@inbox=\box52
\enit@count@id=\count191
\enitdp@description=\count192
)
("/Users/delus/Library/Application Support/MiKTeX/texmfs/install/tex/latex/hype
rref/hyperref.sty"
Package: hyperref 2023-02-07 v7.00v Hypertext links for LaTeX

("/Users/delus/Library/Application Support/MiKTeX/texmfs/install/tex/generic/lt
xcmds/ltxcmds.sty"
Package: ltxcmds 2020-05-10 v1.25 LaTeX kernel commands for general use (HO)
)
("/Users/delus/Library/Application Support/MiKTeX/texmfs/install/tex/generic/if
tex/iftex.sty"
Package: iftex 2022/02/03 v1.0f TeX engine tests
)
("/Users/delus/Library/Application Support/MiKTeX/texmfs/install/tex/generic/pd
ftexcmds/pdftexcmds.sty"
Package: pdftexcmds 2020-06-27 v0.33 Utility functions of pdfTeX for LuaTeX (HO
)

("/Users/delus/Library/Application Support/MiKTeX/texmfs/install/tex/generic/in
fwarerr/infwarerr.sty"
Package: infwarerr 2019/12/03 v1.5 Providing info/warning/error messages (HO)
)
Package pdftexcmds Info: \pdf@primitive is available.
Package pdftexcmds Info: \pdf@ifprimitive is available.
Package pdftexcmds Info: \pdfdraftmode found.
\pdftexcmds@toks=\toks21
)
("/Users/delus/Library/Application Support/MiKTeX/texmfs/install/tex/latex/grap
hics/keyval.sty"
Package: keyval 2022/05/29 v1.15 key=value parser (DPC)
\KV@toks@=\toks22
)
("/Users/delus/Library/Application Support/MiKTeX/texmfs/install/tex/latex/kvse
tkeys/kvsetkeys.sty"
Package: kvsetkeys 2022-10-05 v1.19 Key value parser (HO)
)
("/Users/delus/Library/Application Support/MiKTeX/texmfs/install/tex/generic/kv
definekeys/kvdefinekeys.sty"
Package: kvdefinekeys 2019-12-19 v1.6 Define keys (HO)
)
("/Users/delus/Library/Application Support/MiKTeX/texmfs/install/tex/generic/pd
fescape/pdfescape.sty"
Package: pdfescape 2019/12/09 v1.15 Implements pdfTeX's escape features (HO)
)
("/Users/delus/Library/Application Support/MiKTeX/texmfs/install/tex/latex/hyco
lor/hycolor.sty"
Package: hycolor 2020-01-27 v1.10 Color options for hyperref/bookmark (HO)
)
("/Users/delus/Library/Application Support/MiKTeX/texmfs/install/tex/latex/letl
txmacro/letltxmacro.sty"
Package: letltxmacro 2019/12/03 v1.6 Let assignment for LaTeX macros (HO)
)
("/Users/delus/Library/Application Support/MiKTeX/texmfs/install/tex/latex/auxh
ook/auxhook.sty"
Package: auxhook 2019-12-17 v1.6 Hooks for auxiliary files (HO)
)
("/Users/delus/Library/Application Support/MiKTeX/texmfs/install/tex/latex/hype
rref/nameref.sty"
Package: nameref 2022-05-17 v2.50 Cross-referencing by name of section

("/Users/delus/Library/Application Support/MiKTeX/texmfs/install/tex/latex/refc
ount/refcount.sty"
Package: refcount 2019/12/15 v3.6 Data extraction from label references (HO)
)
("/Users/delus/Library/Application Support/MiKTeX/texmfs/install/tex/generic/ge
ttitlestring/gettitlestring.sty"
Package: gettitlestring 2019/12/15 v1.6 Cleanup title references (HO)

("/Users/delus/Library/Application Support/MiKTeX/texmfs/install/tex/latex/kvop
tions/kvoptions.sty"
Package: kvoptions 2022-06-15 v3.15 Key value format for package options (HO)
))
\c@section@level=\count193
)
\@linkdim=\dimen146
\Hy@linkcounter=\count194
\Hy@pagecounter=\count195

("/Users/delus/Library/Application Support/MiKTeX/texmfs/install/tex/latex/hype
rref/pd1enc.def"
File: pd1enc.def 2023-02-07 v7.00v Hyperref: PDFDocEncoding definition (HO)
)
("/Users/delus/Library/Application Support/MiKTeX/texmfs/install/tex/generic/in
tcalc/intcalc.sty"
Package: intcalc 2019/12/15 v1.3 Expandable calculations with integers (HO)
)
("/Users/delus/Library/Application Support/MiKTeX/texmfs/install/tex/generic/et
excmds/etexcmds.sty"
Package: etexcmds 2019/12/15 v1.7 Avoid name clashes with e-TeX commands (HO)
)
\Hy@SavedSpaceFactor=\count196

("/Users/delus/Library/Application Support/MiKTeX/texmfs/install/tex/latex/hype
rref/puenc.def"
File: puenc.def 2023-02-07 v7.00v Hyperref: PDF Unicode definition (HO)
)
Package hyperref Info: Hyper figures OFF on input line 4177.
Package hyperref Info: Link nesting OFF on input line 4182.
Package hyperref Info: Hyper index ON on input line 4185.
Package hyperref Info: Plain pages OFF on input line 4192.
Package hyperref Info: Backreferencing OFF on input line 4197.
Package hyperref Info: Implicit mode ON; LaTeX internals redefined.
Package hyperref Info: Bookmarks ON on input line 4425.
\c@Hy@tempcnt=\count197

("/Users/delus/Library/Application Support/MiKTeX/texmfs/install/tex/latex/url/
url.sty"
\Urlmuskip=\muskip16
Package: url 2013/09/16  ver 3.4  Verb mode for urls, etc.
)
LaTeX Info: Redefining \url on input line 4763.
\XeTeXLinkMargin=\dimen147

("/Users/delus/Library/Application Support/MiKTeX/texmfs/install/tex/generic/bi
tset/bitset.sty"
Package: bitset 2019/12/09 v1.3 Handle bit-vector datatype (HO)

("/Users/delus/Library/Application Support/MiKTeX/texmfs/install/tex/generic/bi
gintcalc/bigintcalc.sty"
Package: bigintcalc 2019/12/15 v1.5 Expandable calculations on big integers (HO
)
))
\Fld@menulength=\count198
\Field@Width=\dimen148
\Fld@charsize=\dimen149
Package hyperref Info: Hyper figures OFF on input line 6042.
Package hyperref Info: Link nesting OFF on input line 6047.
Package hyperref Info: Hyper index ON on input line 6050.
Package hyperref Info: backreferencing OFF on input line 6057.
Package hyperref Info: Link coloring OFF on input line 6062.
Package hyperref Info: Link coloring with OCG OFF on input line 6067.
Package hyperref Info: PDF/A mode OFF on input line 6072.

("/Users/delus/Library/Application Support/MiKTeX/texmfs/install/tex/latex/base
/atbegshi-ltx.sty"
Package: atbegshi-ltx 2021/01/10 v1.0c Emulation of the original atbegshi
package with kernel methods
)
\Hy@abspage=\count199
\c@Item=\count266
\c@Hfootnote=\count267
)
Package hyperref Info: Driver (autodetected): hluatex.

("/Users/delus/Library/Application Support/MiKTeX/texmfs/install/tex/latex/hype
rref/hluatex.def"
File: hluatex.def 2023-02-07 v7.00v Hyperref driver for luaTeX

("/Users/delus/Library/Application Support/MiKTeX/texmfs/install/tex/generic/st
ringenc/stringenc.sty"
Package: stringenc 2019/11/29 v1.12 Convert strings between diff. encodings (HO
)
)
("/Users/delus/Library/Application Support/MiKTeX/texmfs/install/tex/latex/base
/atveryend-ltx.sty"
Package: atveryend-ltx 2020/08/19 v1.0a Emulation of the original atveryend pac
kage
with kernel methods
)
\Fld@listcount=\count268
\c@bookmark@seq@number=\count269

("/Users/delus/Library/Application Support/MiKTeX/texmfs/install/tex/latex/reru
nfilecheck/rerunfilecheck.sty"
Package: rerunfilecheck 2022-07-10 v1.10 Rerun checks for auxiliary files (HO)

("/Users/delus/Library/Application Support/MiKTeX/texmfs/install/tex/generic/un
iquecounter/uniquecounter.sty"
Package: uniquecounter 2019/12/15 v1.4 Provide unlimited unique counter (HO)
)
Package uniquecounter Info: New unique counter `rerunfilecheck' on input line 2
85.
)
\Hy@SectionHShift=\skip54
)
("/Users/delus/Library/Application Support/MiKTeX/texmfs/install/tex/latex/fanc
yhdr/fancyhdr.sty"
Package: fancyhdr 2022/11/09 v4.1 Extensive control of page headers and footers

\f@nch@headwidth=\skip55
\f@nch@O@elh=\skip56
\f@nch@O@erh=\skip57
\f@nch@O@olh=\skip58
\f@nch@O@orh=\skip59
\f@nch@O@elf=\skip60
\f@nch@O@erf=\skip61
\f@nch@O@olf=\skip62
\f@nch@O@orf=\skip63
)
("/Users/delus/Library/Application Support/MiKTeX/texmfs/install/tex/generic/ob
erdiek/hyphsubst.sty"
Package: hyphsubst 2016/05/16 v0.3 Substitute hyphenation patterns (HO)
Package hyphsubst Info: New: \l@vietnamese
(hyphsubst)             new value: 1 on input line 227.
)
("/Users/delus/Library/Application Support/MiKTeX/texmfs/install/tex/generic/ba
bel/babel.sty"
Package: babel 2023/02/13 3.86 The Babel package

("/Users/delus/Library/Application Support/MiKTeX/texmfs/install/tex/generic/ba
bel/luababel.def"
\bbl@readstream=\read3
\l@afrikaans=\language2
Package babel Info: Non-standard hyphenation setup on input line 118.
\l@ancientgreek=\language3
\l@armenian=\language4
\l@assamese=\language5
\l@basque=\language6
\l@belarusian=\language7
\l@bengali=\language8
\l@bokmal=\language9
\l@bulgarian=\language10
\l@catalan=\language11
\l@churchslavonic=\language12
\l@classiclatin=\language13
\l@coptic=\language14
\l@croatian=\language15
\l@czech=\language16
\l@danish=\language17
\l@dutch=\language18
\l@esperanto=\language19
\l@estonian=\language20
\l@ethiopic=\language21
\l@finnish=\language22
\l@french=\language23
\l@friulan=\language24
\l@galician=\language25
\l@georgian=\language26
\l@german=\language27
\l@greek=\language28
\l@gujarati=\language29
\l@hindi=\language30
\l@hungarian=\language31
\l@icelandic=\language32
\l@indonesian=\language33
\l@interlingua=\language34
\l@irish=\language35
\l@italian=\language36
\l@kannada=\language37
\l@kurmanji=\language38
\l@latin=\language39
\l@latvian=\language40
\l@lithuanian=\language41
\l@liturgicallatin=\language42
\l@macedonian=\language43
\l@malayalam=\language44
\l@marathi=\language45
\l@mongolian=\language46
\l@mongolianlmc=\language47
\l@monogreek=\language48
\l@ngerman=\language49
\l@nynorsk=\language50
\l@occitan=\language51
\l@oriya=\language52
\l@pali=\language53
\l@panjabi=\language54
\l@piedmontese=\language55
\l@polish=\language56
\l@portuguese=\language57
\l@romanian=\language58
\l@romansh=\language59
\l@russian=\language60
\l@sanskrit=\language61
\l@serbian=\language62
\l@serbianc=\language63
\l@slovak=\language64
\l@slovenian=\language65
\l@spanish=\language66
\l@swedish=\language67
\l@swissgerman=\language68
\l@tamil=\language69
\l@telugu=\language70
\l@thai=\language71
\l@turkish=\language72
\l@turkmen=\language73
\l@ukenglish=\language74
\l@ukrainian=\language75
\l@uppersorbian=\language76
\l@usenglishmax=\language77
\l@welsh=\language78
\babelcatcodetablenum=\catcodetable12
\bbl@pattcodes=\catcodetable13
)
\babel@savecnt=\count270
\U@D=\dimen150
\l@unhyphenated=\language79

("/Users/delus/Library/Application Support/MiKTeX/texmfs/install/tex/generic/ba
bel/luababel.def"
\bbl@attr@locale=\attribute4
)
*************************************
* Local config file bblopts.cfg used
*

("/Users/delus/Library/Application Support/MiKTeX/texmfs/install/tex/latex/arab
i/bblopts.cfg"
File: bblopts.cfg 2005/09/08 v0.1 add Arabic and Farsi to "declared" options of
 babel
)
("/Users/delus/Library/Application Support/MiKTeX/texmfs/install/tex/latex/babe
l-english/english.ldf"
Language: english 2017/06/06 v3.3r English support from the babel system
Package babel Info: Hyphen rules for 'canadian' set to \l@english
(babel)             (\language0). Reported on input line 102.
Package babel Info: Hyphen rules for 'australian' set to \l@ukenglish
(babel)             (\language74). Reported on input line 105.
Package babel Info: Hyphen rules for 'newzealand' set to \l@ukenglish
(babel)             (\language74). Reported on input line 108.
)
("/Users/delus/Library/Application Support/MiKTeX/texmfs/install/tex/latex/babe
l-vietnamese/vietnamese.ldf"
Language: vietnamese 
Package babel Info: Making " an active character on input line 147.
Package babel Info: No hyphenation patterns were set for
(babel)             language 'vietnamese'. Reported on input line 160.
))
("/Users/delus/Library/Application Support/MiKTeX/texmfs/install/tex/generic/ba
bel/locale/vi/babel-vietnamese.tex"
Package babel Info: Importing font and identification data for vietnamese
(babel)             from babel-vi.ini. Reported on input line 11.
)
("/Users/delus/Library/Application Support/MiKTeX/texmfs/install/tex/generic/ba
bel/locale/en/babel-english.tex"
Package babel Info: Importing font and identification data for english
(babel)             from babel-en.ini. Reported on input line 11.
)
("/Users/delus/Library/Application Support/MiKTeX/texmfs/install/tex/latex/tool
s/tabularx.sty"
Package: tabularx 2020/01/15 v2.11c `tabularx' package (DPC)

("/Users/delus/Library/Application Support/MiKTeX/texmfs/install/tex/latex/tool
s/array.sty"
Package: array 2022/09/04 v2.5g Tabular extension package (FMi)
\col@sep=\dimen151
\ar@mcellbox=\box53
\extrarowheight=\dimen152
\NC@list=\toks23
\extratabsurround=\skip64
\backup@length=\skip65
\ar@cellbox=\box54
)
\TX@col@width=\dimen153
\TX@old@table=\dimen154
\TX@old@col=\dimen155
\TX@target=\dimen156
\TX@delta=\dimen157
\TX@cols=\count271
\TX@ftn=\toks24
)
("/Users/delus/Library/Application Support/MiKTeX/texmfs/install/tex/latex/l3ba
ckend/l3backend-luatex.def"
File: l3backend-luatex.def 2023-01-16 L3 backend support: PDF output (LuaTeX)
\l__color_backend_stack_int=\count272
\l__pdf_internal_box=\box55
) (./CV_Bui_Khanh_Duy_vi.aux
Package babel Info: No hyphenation patterns were set for
(babel)             language 'vietnamese'. Reported on input line 19.
)
\openout1 = CV_Bui_Khanh_Duy_vi.aux

LaTeX Font Info:    Checking defaults for OML/cmm/m/it on input line 113.
LaTeX Font Info:    ... okay on input line 113.
LaTeX Font Info:    Checking defaults for OMS/cmsy/m/n on input line 113.
LaTeX Font Info:    ... okay on input line 113.
LaTeX Font Info:    Checking defaults for OT1/cmr/m/n on input line 113.
LaTeX Font Info:    ... okay on input line 113.
LaTeX Font Info:    Checking defaults for T1/cmr/m/n on input line 113.
LaTeX Font Info:    ... okay on input line 113.
LaTeX Font Info:    Checking defaults for TS1/cmr/m/n on input line 113.
LaTeX Font Info:    Trying to load font information for TS1+cmr on input line 1
13.

("/Users/delus/Library/Application Support/MiKTeX/texmfs/install/tex/latex/base
/ts1cmr.fd"
File: ts1cmr.fd 2022/07/10 v2.5l Standard LaTeX font definitions
)
LaTeX Font Info:    ... okay on input line 113.
LaTeX Font Info:    Checking defaults for TU/lmr/m/n on input line 113.
LaTeX Font Info:    ... okay on input line 113.
LaTeX Font Info:    Checking defaults for OMX/cmex/m/n on input line 113.
LaTeX Font Info:    ... okay on input line 113.
LaTeX Font Info:    Checking defaults for U/cmr/m/n on input line 113.
LaTeX Font Info:    ... okay on input line 113.
LaTeX Font Info:    Checking defaults for PD1/pdf/m/n on input line 113.
LaTeX Font Info:    ... okay on input line 113.
LaTeX Font Info:    Checking defaults for PU/pdf/m/n on input line 113.
LaTeX Font Info:    ... okay on input line 113.

("/Users/delus/Library/Application Support/MiKTeX/texmfs/install/tex/context/ba
se/mkii/supp-pdf.mkii"
[Loading MPS to PDF converter (version 2006.09.02).]
\scratchcounter=\count273
\scratchdimen=\dimen158
\scratchbox=\box56
\nofMPsegments=\count274
\nofMParguments=\count275
\everyMPshowfont=\toks25
\MPscratchCnt=\count276
\MPscratchDim=\dimen159
\MPnumerator=\count277
\makeMPintoPDFobject=\count278
\everyMPtoPDFconversion=\toks26
)
Package hyperref Info: Link coloring OFF on input line 113.
 (./CV_Bui_Khanh_Duy_vi.out) (./CV_Bui_Khanh_Duy_vi.out)
\@outlinefile=\write3

\openout3 = CV_Bui_Khanh_Duy_vi.out
Package babel Info: No hyphenation patterns were set for
(babel)             language 'vietnamese'. Reported on input line 113.


LaTeX Font Warning: Font shape `TU/lmr/bx/sc' undefined
(Font)              using `TU/lmr/bx/n' instead on input line 119.

LaTeX Font Info:    External font `cmex10' loaded for size
(Font)              <7> on input line 120.
LaTeX Font Info:    External font `cmex10' loaded for size
(Font)              <5> on input line 120.
LaTeX Font Info:    Trying to load font information for U+lasy on input line 12
0.

("/Users/delus/Library/Application Support/MiKTeX/texmfs/install/tex/latex/base
/ulasy.fd"
File: ulasy.fd 1998/08/17 v2.2e LaTeX symbol font definitions
)
LaTeX Font Info:    External font `cmex10' loaded for size
(Font)              <10.95> on input line 133.
LaTeX Font Info:    External font `cmex10' loaded for size
(Font)              <8> on input line 133.
LaTeX Font Info:    External font `cmex10' loaded for size
(Font)              <6> on input line 133.
 [1

{/Users/delus/Library/Application Support/MiKTeX/texmfs/data/fonts/map/pdftex/pd
ftex.map}] (./CV_Bui_Khanh_Duy_vi.aux
LaTeX Font Info:    Trying to load font information for OT1+lmr on input line 1
9.

("/Users/delus/Library/Application Support/MiKTeX/texmfs/install/tex/latex/lm/o
t1lmr.fd"
File: ot1lmr.fd 2015/05/01 v1.6.1 Font defs for Latin Modern
)
Package babel Info: No hyphenation patterns were set for
(babel)             language 'vietnamese'. Reported on input line 19.
)

LaTeX Font Warning: Some font shapes were not available, defaults substituted.

Package rerunfilecheck Info: File `CV_Bui_Khanh_Duy_vi.out' has not changed.
(rerunfilecheck)             Checksum: C370A98099C3057B52895B10117348BF;617.
)

Here is how much of LuaTeX's memory you used:
 11327 strings out of 478300
 100000,1977958 words of node,token memory allocated
 460 words of node memory still in use:
   3 hlist, 1 vlist, 1 rule, 2 glue, 3 kern, 1 glyph, 6 attribute, 58 glue_spec,
 4 attribute_list, 1 write nodes
   avail lists: 2:1903,3:630,4:238,5:548,6:137,7:7686,8:41,9:948,10:17,11:39
 31093 multiletter control sequences out of 65536+600000
 51 fonts using 3568359 bytes
 72i,11n,72p,403b,344s stack positions out of 10000i,1000n,20000p,200000b,200000s
</Users/delus/Library/Application Support/MiKTeX/texmfs/install/fonts/opentype/p
ublic/lm/lmroman10-italic.otf></Users/delus/Library/Application Support/MiKTeX/t
exmfs/install/fonts/opentype/public/lm/lmroman10-bold.otf></Users/delus/Library/
Application Support/MiKTeX/texmfs/install/fonts/opentype/public/lm/lmromancaps10
-regular.otf></Users/delus/Library/Application Support/MiKTeX/texmfs/install/fon
ts/opentype/public/lm/lmroman12-bold.otf></Users/delus/Library/Application Suppo
rt/MiKTeX/texmfs/install/fonts/opentype/public/lm/lmroman10-regular.otf></Users/
delus/Library/Application Support/MiKTeX/texmfs/install/fonts/type1/public/amsfo
nts/cm/cmsy10.pfb></Users/delus/Library/Application Support/MiKTeX/texmfs/instal
l/fonts/type1/public/amsfonts/cm/cmsy6.pfb>
Output written on CV_Bui_Khanh_Duy_vi.pdf (1 page, 59799 bytes).

PDF statistics: 85 PDF objects out of 1000 (max. 8388607)
 8 named destinations out of 1000 (max. 131072)
 49 words of extra memory for PDF output out of 10000 (max. 100000000)

